[INFO  - 2013-06-28T18:04:45.169Z] GhostDriver - Main - running on port 5199
[INFO  - 2013-06-28T18:04:45.547Z] Session [36f7a950-e01d-11e2-a273-d97e72cdac57] - CONSTRUCTOR - Desired Capabilities: {"javascriptEnabled":true,"phantomjs.binary.path":"/Users/Maxwell/Downloads/phantomjs-1.9.1-macosx/bin/phantomjs"}
[INFO  - 2013-06-28T18:04:45.547Z] Session [36f7a950-e01d-11e2-a273-d97e72cdac57] - CONSTRUCTOR - Negotiated Capabilities: {"browserName":"phantomjs","version":"1.9.1","driverName":"ghostdriver","driverVersion":"1.0.3","platform":"mac-10.6 (Snow Leopard)-32bit","javascriptEnabled":true,"takesScreenshot":true,"handlesAlerts":false,"databaseEnabled":false,"locationContextEnabled":false,"applicationCacheEnabled":false,"browserConnectionEnabled":false,"cssSelectorsEnabled":true,"webStorageEnabled":false,"rotatable":false,"acceptSslCerts":false,"nativeEvents":true,"proxy":{"proxyType":"direct"}}
[INFO  - 2013-06-28T18:04:45.547Z] SessionManagerReqHand - _postNewSessionCommand - New Session Created: 36f7a950-e01d-11e2-a273-d97e72cdac57
[INFO  - 2013-06-28T18:05:15.691Z] ShutdownReqHand - _handle - About to shutdown
[INFO  - 2013-06-28T18:08:55.912Z] GhostDriver - Main - running on port 46953
[INFO  - 2013-06-28T18:08:56.920Z] Session [cccbfc10-e01d-11e2-96ef-8b17eb4c1756] - CONSTRUCTOR - Desired Capabilities: {"javascriptEnabled":true,"phantomjs.binary.path":"/Users/Maxwell/Downloads/phantomjs-1.9.1-macosx/bin/phantomjs"}
[INFO  - 2013-06-28T18:08:56.920Z] Session [cccbfc10-e01d-11e2-96ef-8b17eb4c1756] - CONSTRUCTOR - Negotiated Capabilities: {"browserName":"phantomjs","version":"1.9.1","driverName":"ghostdriver","driverVersion":"1.0.3","platform":"mac-10.6 (Snow Leopard)-32bit","javascriptEnabled":true,"takesScreenshot":true,"handlesAlerts":false,"databaseEnabled":false,"locationContextEnabled":false,"applicationCacheEnabled":false,"browserConnectionEnabled":false,"cssSelectorsEnabled":true,"webStorageEnabled":false,"rotatable":false,"acceptSslCerts":false,"nativeEvents":true,"proxy":{"proxyType":"direct"}}
[INFO  - 2013-06-28T18:08:56.920Z] SessionManagerReqHand - _postNewSessionCommand - New Session Created: cccbfc10-e01d-11e2-96ef-8b17eb4c1756
[INFO  - 2013-06-28T18:09:20.004Z] ShutdownReqHand - _handle - About to shutdown
[INFO  - 2013-06-28T18:15:32.254Z] GhostDriver - Main - running on port 4930
[INFO  - 2013-06-28T18:15:34.676Z] Session [b9dbb2c0-e01e-11e2-884d-0d4261b0d2ea] - CONSTRUCTOR - Desired Capabilities: {"javascriptEnabled":true,"phantomjs.binary.path":"/Users/Maxwell/Downloads/phantomjs-1.9.1-macosx/bin/phantomjs"}
[INFO  - 2013-06-28T18:15:34.676Z] Session [b9dbb2c0-e01e-11e2-884d-0d4261b0d2ea] - CONSTRUCTOR - Negotiated Capabilities: {"browserName":"phantomjs","version":"1.9.1","driverName":"ghostdriver","driverVersion":"1.0.3","platform":"mac-10.6 (Snow Leopard)-32bit","javascriptEnabled":true,"takesScreenshot":true,"handlesAlerts":false,"databaseEnabled":false,"locationContextEnabled":false,"applicationCacheEnabled":false,"browserConnectionEnabled":false,"cssSelectorsEnabled":true,"webStorageEnabled":false,"rotatable":false,"acceptSslCerts":false,"nativeEvents":true,"proxy":{"proxyType":"direct"}}
[INFO  - 2013-06-28T18:15:34.676Z] SessionManagerReqHand - _postNewSessionCommand - New Session Created: b9dbb2c0-e01e-11e2-884d-0d4261b0d2ea
[INFO  - 2013-06-28T18:16:09.458Z] ShutdownReqHand - _handle - About to shutdown
[INFO  - 2013-06-28T18:20:36.785Z] GhostDriver - Main - running on port 42059
[INFO  - 2013-06-28T18:20:37.504Z] Session [6e60c5a0-e01f-11e2-9372-35c170709225] - CONSTRUCTOR - Desired Capabilities: {"javascriptEnabled":true,"phantomjs.binary.path":"/Users/Maxwell/Downloads/phantomjs-1.9.1-macosx/bin/phantomjs"}
[INFO  - 2013-06-28T18:20:37.505Z] Session [6e60c5a0-e01f-11e2-9372-35c170709225] - CONSTRUCTOR - Negotiated Capabilities: {"browserName":"phantomjs","version":"1.9.1","driverName":"ghostdriver","driverVersion":"1.0.3","platform":"mac-10.6 (Snow Leopard)-32bit","javascriptEnabled":true,"takesScreenshot":true,"handlesAlerts":false,"databaseEnabled":false,"locationContextEnabled":false,"applicationCacheEnabled":false,"browserConnectionEnabled":false,"cssSelectorsEnabled":true,"webStorageEnabled":false,"rotatable":false,"acceptSslCerts":false,"nativeEvents":true,"proxy":{"proxyType":"direct"}}
[INFO  - 2013-06-28T18:20:37.505Z] SessionManagerReqHand - _postNewSessionCommand - New Session Created: 6e60c5a0-e01f-11e2-9372-35c170709225
[INFO  - 2013-06-28T18:21:10.486Z] ShutdownReqHand - _handle - About to shutdown
[INFO  - 2013-06-28T18:25:52.331Z] GhostDriver - Main - running on port 1383
[INFO  - 2013-06-28T18:25:52.632Z] Session [2a357d20-e020-11e2-98b6-99a992997a49] - CONSTRUCTOR - Desired Capabilities: {"javascriptEnabled":true,"phantomjs.binary.path":"/Users/Maxwell/Downloads/phantomjs-1.9.1-macosx/bin/phantomjs"}
[INFO  - 2013-06-28T18:25:52.632Z] Session [2a357d20-e020-11e2-98b6-99a992997a49] - CONSTRUCTOR - Negotiated Capabilities: {"browserName":"phantomjs","version":"1.9.1","driverName":"ghostdriver","driverVersion":"1.0.3","platform":"mac-10.6 (Snow Leopard)-32bit","javascriptEnabled":true,"takesScreenshot":true,"handlesAlerts":false,"databaseEnabled":false,"locationContextEnabled":false,"applicationCacheEnabled":false,"browserConnectionEnabled":false,"cssSelectorsEnabled":true,"webStorageEnabled":false,"rotatable":false,"acceptSslCerts":false,"nativeEvents":true,"proxy":{"proxyType":"direct"}}
[INFO  - 2013-06-28T18:25:52.632Z] SessionManagerReqHand - _postNewSessionCommand - New Session Created: 2a357d20-e020-11e2-98b6-99a992997a49
[INFO  - 2013-06-28T18:26:19.739Z] ShutdownReqHand - _handle - About to shutdown
[INFO  - 2013-06-28T18:28:38.026Z] GhostDriver - Main - running on port 15487
[INFO  - 2013-06-28T18:28:41.003Z] Session [8e8df720-e020-11e2-842a-b18ae0ce9641] - CONSTRUCTOR - Desired Capabilities: {"javascriptEnabled":true,"phantomjs.binary.path":"/Users/Maxwell/Downloads/phantomjs-1.9.1-macosx/bin/phantomjs"}
[INFO  - 2013-06-28T18:28:41.003Z] Session [8e8df720-e020-11e2-842a-b18ae0ce9641] - CONSTRUCTOR - Negotiated Capabilities: {"browserName":"phantomjs","version":"1.9.1","driverName":"ghostdriver","driverVersion":"1.0.3","platform":"mac-10.6 (Snow Leopard)-32bit","javascriptEnabled":true,"takesScreenshot":true,"handlesAlerts":false,"databaseEnabled":false,"locationContextEnabled":false,"applicationCacheEnabled":false,"browserConnectionEnabled":false,"cssSelectorsEnabled":true,"webStorageEnabled":false,"rotatable":false,"acceptSslCerts":false,"nativeEvents":true,"proxy":{"proxyType":"direct"}}
[INFO  - 2013-06-28T18:28:41.003Z] SessionManagerReqHand - _postNewSessionCommand - New Session Created: 8e8df720-e020-11e2-842a-b18ae0ce9641
[INFO  - 2013-06-28T18:29:08.938Z] ShutdownReqHand - _handle - About to shutdown
[INFO  - 2013-06-28T18:30:15.846Z] GhostDriver - Main - running on port 36808
[INFO  - 2013-06-28T18:30:16.357Z] Session [c76693e0-e020-11e2-824f-35417b4ebc83] - CONSTRUCTOR - Desired Capabilities: {"javascriptEnabled":true,"phantomjs.binary.path":"/Users/Maxwell/Downloads/phantomjs-1.9.1-macosx/bin/phantomjs"}
[INFO  - 2013-06-28T18:30:16.357Z] Session [c76693e0-e020-11e2-824f-35417b4ebc83] - CONSTRUCTOR - Negotiated Capabilities: {"browserName":"phantomjs","version":"1.9.1","driverName":"ghostdriver","driverVersion":"1.0.3","platform":"mac-10.6 (Snow Leopard)-32bit","javascriptEnabled":true,"takesScreenshot":true,"handlesAlerts":false,"databaseEnabled":false,"locationContextEnabled":false,"applicationCacheEnabled":false,"browserConnectionEnabled":false,"cssSelectorsEnabled":true,"webStorageEnabled":false,"rotatable":false,"acceptSslCerts":false,"nativeEvents":true,"proxy":{"proxyType":"direct"}}
[INFO  - 2013-06-28T18:30:16.357Z] SessionManagerReqHand - _postNewSessionCommand - New Session Created: c76693e0-e020-11e2-824f-35417b4ebc83
[INFO  - 2013-06-28T18:30:44.127Z] ShutdownReqHand - _handle - About to shutdown
[INFO  - 2013-06-28T18:44:10.651Z] GhostDriver - Main - running on port 39274
[INFO  - 2013-06-28T18:44:49.465Z] GhostDriver - Main - running on port 10515
[INFO  - 2013-06-28T18:44:51.131Z] Session [d0ce0a10-e022-11e2-8aec-33018af45a46] - CONSTRUCTOR - Desired Capabilities: {"javascriptEnabled":true,"phantomjs.binary.path":"/Users/Maxwell/Downloads/phantomjs-1.9.1-macosx/bin/phantomjs"}
[INFO  - 2013-06-28T18:44:51.131Z] Session [d0ce0a10-e022-11e2-8aec-33018af45a46] - CONSTRUCTOR - Negotiated Capabilities: {"browserName":"phantomjs","version":"1.9.1","driverName":"ghostdriver","driverVersion":"1.0.3","platform":"mac-10.6 (Snow Leopard)-32bit","javascriptEnabled":true,"takesScreenshot":true,"handlesAlerts":false,"databaseEnabled":false,"locationContextEnabled":false,"applicationCacheEnabled":false,"browserConnectionEnabled":false,"cssSelectorsEnabled":true,"webStorageEnabled":false,"rotatable":false,"acceptSslCerts":false,"nativeEvents":true,"proxy":{"proxyType":"direct"}}
[INFO  - 2013-06-28T18:44:51.131Z] SessionManagerReqHand - _postNewSessionCommand - New Session Created: d0ce0a10-e022-11e2-8aec-33018af45a46
[INFO  - 2013-06-28T18:45:17.856Z] ShutdownReqHand - _handle - About to shutdown
[INFO  - 2013-06-28T18:45:45.371Z] GhostDriver - Main - running on port 34893
[INFO  - 2013-06-28T18:45:45.665Z] Session [f14fe0b0-e022-11e2-8447-512942a8ba99] - CONSTRUCTOR - Desired Capabilities: {"javascriptEnabled":true,"phantomjs.binary.path":"/Users/Maxwell/Downloads/phantomjs-1.9.1-macosx/bin/phantomjs"}
[INFO  - 2013-06-28T18:45:45.665Z] Session [f14fe0b0-e022-11e2-8447-512942a8ba99] - CONSTRUCTOR - Negotiated Capabilities: {"browserName":"phantomjs","version":"1.9.1","driverName":"ghostdriver","driverVersion":"1.0.3","platform":"mac-10.6 (Snow Leopard)-32bit","javascriptEnabled":true,"takesScreenshot":true,"handlesAlerts":false,"databaseEnabled":false,"locationContextEnabled":false,"applicationCacheEnabled":false,"browserConnectionEnabled":false,"cssSelectorsEnabled":true,"webStorageEnabled":false,"rotatable":false,"acceptSslCerts":false,"nativeEvents":true,"proxy":{"proxyType":"direct"}}
[INFO  - 2013-06-28T18:45:45.665Z] SessionManagerReqHand - _postNewSessionCommand - New Session Created: f14fe0b0-e022-11e2-8447-512942a8ba99
[INFO  - 2013-06-28T18:46:06.869Z] ShutdownReqHand - _handle - About to shutdown
[INFO  - 2013-06-28T18:46:55.757Z] GhostDriver - Main - running on port 42307
[INFO  - 2013-06-28T18:46:56.053Z] Session [1b430370-e023-11e2-a23e-a7b7f75eea29] - CONSTRUCTOR - Desired Capabilities: {"javascriptEnabled":true,"phantomjs.binary.path":"/Users/Maxwell/Downloads/phantomjs-1.9.1-macosx/bin/phantomjs"}
[INFO  - 2013-06-28T18:46:56.054Z] Session [1b430370-e023-11e2-a23e-a7b7f75eea29] - CONSTRUCTOR - Negotiated Capabilities: {"browserName":"phantomjs","version":"1.9.1","driverName":"ghostdriver","driverVersion":"1.0.3","platform":"mac-10.6 (Snow Leopard)-32bit","javascriptEnabled":true,"takesScreenshot":true,"handlesAlerts":false,"databaseEnabled":false,"locationContextEnabled":false,"applicationCacheEnabled":false,"browserConnectionEnabled":false,"cssSelectorsEnabled":true,"webStorageEnabled":false,"rotatable":false,"acceptSslCerts":false,"nativeEvents":true,"proxy":{"proxyType":"direct"}}
[INFO  - 2013-06-28T18:46:56.055Z] SessionManagerReqHand - _postNewSessionCommand - New Session Created: 1b430370-e023-11e2-a23e-a7b7f75eea29
[INFO  - 2013-06-28T18:47:15.049Z] ShutdownReqHand - _handle - About to shutdown
[INFO  - 2013-06-28T18:48:50.270Z] GhostDriver - Main - running on port 43667
[INFO  - 2013-06-28T18:48:50.594Z] Session [5f89cdc0-e023-11e2-b84d-b1903b75930e] - CONSTRUCTOR - Desired Capabilities: {"javascriptEnabled":true,"phantomjs.binary.path":"/Users/Maxwell/Downloads/phantomjs-1.9.1-macosx/bin/phantomjs"}
[INFO  - 2013-06-28T18:48:50.594Z] Session [5f89cdc0-e023-11e2-b84d-b1903b75930e] - CONSTRUCTOR - Negotiated Capabilities: {"browserName":"phantomjs","version":"1.9.1","driverName":"ghostdriver","driverVersion":"1.0.3","platform":"mac-10.6 (Snow Leopard)-32bit","javascriptEnabled":true,"takesScreenshot":true,"handlesAlerts":false,"databaseEnabled":false,"locationContextEnabled":false,"applicationCacheEnabled":false,"browserConnectionEnabled":false,"cssSelectorsEnabled":true,"webStorageEnabled":false,"rotatable":false,"acceptSslCerts":false,"nativeEvents":true,"proxy":{"proxyType":"direct"}}
[INFO  - 2013-06-28T18:48:50.594Z] SessionManagerReqHand - _postNewSessionCommand - New Session Created: 5f89cdc0-e023-11e2-b84d-b1903b75930e
[INFO  - 2013-06-28T18:49:27.421Z] ShutdownReqHand - _handle - About to shutdown
[INFO  - 2013-06-28T18:51:02.558Z] GhostDriver - Main - running on port 7899
[INFO  - 2013-06-28T18:51:03.079Z] Session [ae816910-e023-11e2-b2ca-21c8e965f4ee] - CONSTRUCTOR - Desired Capabilities: {"javascriptEnabled":true,"phantomjs.binary.path":"/Users/Maxwell/Downloads/phantomjs-1.9.1-macosx/bin/phantomjs"}
[INFO  - 2013-06-28T18:51:03.079Z] Session [ae816910-e023-11e2-b2ca-21c8e965f4ee] - CONSTRUCTOR - Negotiated Capabilities: {"browserName":"phantomjs","version":"1.9.1","driverName":"ghostdriver","driverVersion":"1.0.3","platform":"mac-10.6 (Snow Leopard)-32bit","javascriptEnabled":true,"takesScreenshot":true,"handlesAlerts":false,"databaseEnabled":false,"locationContextEnabled":false,"applicationCacheEnabled":false,"browserConnectionEnabled":false,"cssSelectorsEnabled":true,"webStorageEnabled":false,"rotatable":false,"acceptSslCerts":false,"nativeEvents":true,"proxy":{"proxyType":"direct"}}
[INFO  - 2013-06-28T18:51:03.079Z] SessionManagerReqHand - _postNewSessionCommand - New Session Created: ae816910-e023-11e2-b2ca-21c8e965f4ee
[INFO  - 2013-06-28T18:51:27.680Z] ShutdownReqHand - _handle - About to shutdown
[INFO  - 2013-06-28T18:54:39.716Z] GhostDriver - Main - running on port 42182
[INFO  - 2013-06-28T18:54:40.339Z] Session [300080c0-e024-11e2-8c30-47aa5e0f277a] - CONSTRUCTOR - Desired Capabilities: {"javascriptEnabled":true,"phantomjs.binary.path":"/Users/Maxwell/Downloads/phantomjs-1.9.1-macosx/bin/phantomjs"}
[INFO  - 2013-06-28T18:54:40.339Z] Session [300080c0-e024-11e2-8c30-47aa5e0f277a] - CONSTRUCTOR - Negotiated Capabilities: {"browserName":"phantomjs","version":"1.9.1","driverName":"ghostdriver","driverVersion":"1.0.3","platform":"mac-10.6 (Snow Leopard)-32bit","javascriptEnabled":true,"takesScreenshot":true,"handlesAlerts":false,"databaseEnabled":false,"locationContextEnabled":false,"applicationCacheEnabled":false,"browserConnectionEnabled":false,"cssSelectorsEnabled":true,"webStorageEnabled":false,"rotatable":false,"acceptSslCerts":false,"nativeEvents":true,"proxy":{"proxyType":"direct"}}
[INFO  - 2013-06-28T18:54:40.339Z] SessionManagerReqHand - _postNewSessionCommand - New Session Created: 300080c0-e024-11e2-8c30-47aa5e0f277a
[INFO  - 2013-06-28T18:55:06.746Z] ShutdownReqHand - _handle - About to shutdown
[INFO  - 2013-06-28T18:55:26.313Z] GhostDriver - Main - running on port 13071
[INFO  - 2013-06-28T18:55:26.661Z] Session [4b9cd4f0-e024-11e2-84c4-0b2f12d5a19f] - CONSTRUCTOR - Desired Capabilities: {"javascriptEnabled":true,"phantomjs.binary.path":"/Users/Maxwell/Downloads/phantomjs-1.9.1-macosx/bin/phantomjs"}
[INFO  - 2013-06-28T18:55:26.661Z] Session [4b9cd4f0-e024-11e2-84c4-0b2f12d5a19f] - CONSTRUCTOR - Negotiated Capabilities: {"browserName":"phantomjs","version":"1.9.1","driverName":"ghostdriver","driverVersion":"1.0.3","platform":"mac-10.6 (Snow Leopard)-32bit","javascriptEnabled":true,"takesScreenshot":true,"handlesAlerts":false,"databaseEnabled":false,"locationContextEnabled":false,"applicationCacheEnabled":false,"browserConnectionEnabled":false,"cssSelectorsEnabled":true,"webStorageEnabled":false,"rotatable":false,"acceptSslCerts":false,"nativeEvents":true,"proxy":{"proxyType":"direct"}}
[INFO  - 2013-06-28T18:55:26.661Z] SessionManagerReqHand - _postNewSessionCommand - New Session Created: 4b9cd4f0-e024-11e2-84c4-0b2f12d5a19f
[INFO  - 2013-06-28T18:55:46.649Z] ShutdownReqHand - _handle - About to shutdown
[INFO  - 2013-06-28T18:56:06.316Z] GhostDriver - Main - running on port 22222
[INFO  - 2013-06-28T18:56:06.727Z] Session [637e6b10-e024-11e2-8e59-5784d03a3850] - CONSTRUCTOR - Desired Capabilities: {"javascriptEnabled":true,"phantomjs.binary.path":"/Users/Maxwell/Downloads/phantomjs-1.9.1-macosx/bin/phantomjs"}
[INFO  - 2013-06-28T18:56:06.727Z] Session [637e6b10-e024-11e2-8e59-5784d03a3850] - CONSTRUCTOR - Negotiated Capabilities: {"browserName":"phantomjs","version":"1.9.1","driverName":"ghostdriver","driverVersion":"1.0.3","platform":"mac-10.6 (Snow Leopard)-32bit","javascriptEnabled":true,"takesScreenshot":true,"handlesAlerts":false,"databaseEnabled":false,"locationContextEnabled":false,"applicationCacheEnabled":false,"browserConnectionEnabled":false,"cssSelectorsEnabled":true,"webStorageEnabled":false,"rotatable":false,"acceptSslCerts":false,"nativeEvents":true,"proxy":{"proxyType":"direct"}}
[INFO  - 2013-06-28T18:56:06.727Z] SessionManagerReqHand - _postNewSessionCommand - New Session Created: 637e6b10-e024-11e2-8e59-5784d03a3850
[INFO  - 2013-06-28T18:56:25.766Z] ShutdownReqHand - _handle - About to shutdown
[INFO  - 2013-06-28T21:52:28.580Z] GhostDriver - Main - running on port 26591
[INFO  - 2013-06-28T21:52:29.368Z] Session [073d4920-e03d-11e2-8ae1-ef624e4e1a13] - CONSTRUCTOR - Desired Capabilities: {"javascriptEnabled":true,"phantomjs.binary.path":"/Users/Maxwell/Downloads/phantomjs-1.9.1-macosx/bin/phantomjs"}
[INFO  - 2013-06-28T21:52:29.368Z] Session [073d4920-e03d-11e2-8ae1-ef624e4e1a13] - CONSTRUCTOR - Negotiated Capabilities: {"browserName":"phantomjs","version":"1.9.1","driverName":"ghostdriver","driverVersion":"1.0.3","platform":"mac-10.6 (Snow Leopard)-32bit","javascriptEnabled":true,"takesScreenshot":true,"handlesAlerts":false,"databaseEnabled":false,"locationContextEnabled":false,"applicationCacheEnabled":false,"browserConnectionEnabled":false,"cssSelectorsEnabled":true,"webStorageEnabled":false,"rotatable":false,"acceptSslCerts":false,"nativeEvents":true,"proxy":{"proxyType":"direct"}}
[INFO  - 2013-06-28T21:52:29.368Z] SessionManagerReqHand - _postNewSessionCommand - New Session Created: 073d4920-e03d-11e2-8ae1-ef624e4e1a13
[INFO  - 2013-06-28T21:52:54.086Z] ShutdownReqHand - _handle - About to shutdown
[INFO  - 2013-06-28T22:10:53.953Z] GhostDriver - Main - running on port 9089
[INFO  - 2013-06-28T22:10:56.249Z] Session [9aefbb60-e03f-11e2-8a50-996f11d04cbd] - CONSTRUCTOR - Desired Capabilities: {"javascriptEnabled":true,"phantomjs.binary.path":"/Users/Maxwell/Downloads/phantomjs-1.9.1-macosx/bin/phantomjs"}
[INFO  - 2013-06-28T22:10:56.249Z] Session [9aefbb60-e03f-11e2-8a50-996f11d04cbd] - CONSTRUCTOR - Negotiated Capabilities: {"browserName":"phantomjs","version":"1.9.1","driverName":"ghostdriver","driverVersion":"1.0.3","platform":"mac-10.6 (Snow Leopard)-32bit","javascriptEnabled":true,"takesScreenshot":true,"handlesAlerts":false,"databaseEnabled":false,"locationContextEnabled":false,"applicationCacheEnabled":false,"browserConnectionEnabled":false,"cssSelectorsEnabled":true,"webStorageEnabled":false,"rotatable":false,"acceptSslCerts":false,"nativeEvents":true,"proxy":{"proxyType":"direct"}}
[INFO  - 2013-06-28T22:10:56.249Z] SessionManagerReqHand - _postNewSessionCommand - New Session Created: 9aefbb60-e03f-11e2-8a50-996f11d04cbd
[INFO  - 2013-06-28T22:11:18.331Z] ShutdownReqHand - _handle - About to shutdown
[INFO  - 2013-06-28T22:11:57.684Z] GhostDriver - Main - running on port 5080
[INFO  - 2013-06-28T22:11:58.558Z] Session [c0218580-e03f-11e2-a2a1-cb459e2283da] - CONSTRUCTOR - Desired Capabilities: {"javascriptEnabled":true,"phantomjs.binary.path":"/Users/Maxwell/Downloads/phantomjs-1.9.1-macosx/bin/phantomjs"}
[INFO  - 2013-06-28T22:11:58.558Z] Session [c0218580-e03f-11e2-a2a1-cb459e2283da] - CONSTRUCTOR - Negotiated Capabilities: {"browserName":"phantomjs","version":"1.9.1","driverName":"ghostdriver","driverVersion":"1.0.3","platform":"mac-10.6 (Snow Leopard)-32bit","javascriptEnabled":true,"takesScreenshot":true,"handlesAlerts":false,"databaseEnabled":false,"locationContextEnabled":false,"applicationCacheEnabled":false,"browserConnectionEnabled":false,"cssSelectorsEnabled":true,"webStorageEnabled":false,"rotatable":false,"acceptSslCerts":false,"nativeEvents":true,"proxy":{"proxyType":"direct"}}
[INFO  - 2013-06-28T22:11:58.558Z] SessionManagerReqHand - _postNewSessionCommand - New Session Created: c0218580-e03f-11e2-a2a1-cb459e2283da
[INFO  - 2013-06-28T22:12:16.833Z] ShutdownReqHand - _handle - About to shutdown
[INFO  - 2013-06-28T22:14:11.891Z] GhostDriver - Main - running on port 6146
[INFO  - 2013-06-28T22:14:55.034Z] GhostDriver - Main - running on port 1437
[INFO  - 2013-06-28T22:15:00.979Z] Session [2ca36250-e040-11e2-bf99-e73f8f15f965] - CONSTRUCTOR - Desired Capabilities: {"javascriptEnabled":true,"phantomjs.binary.path":"/Users/Maxwell/Downloads/phantomjs-1.9.1-macosx/bin/phantomjs"}
[INFO  - 2013-06-28T22:15:00.980Z] Session [2ca36250-e040-11e2-bf99-e73f8f15f965] - CONSTRUCTOR - Negotiated Capabilities: {"browserName":"phantomjs","version":"1.9.1","driverName":"ghostdriver","driverVersion":"1.0.3","platform":"mac-10.6 (Snow Leopard)-32bit","javascriptEnabled":true,"takesScreenshot":true,"handlesAlerts":false,"databaseEnabled":false,"locationContextEnabled":false,"applicationCacheEnabled":false,"browserConnectionEnabled":false,"cssSelectorsEnabled":true,"webStorageEnabled":false,"rotatable":false,"acceptSslCerts":false,"nativeEvents":true,"proxy":{"proxyType":"direct"}}
[INFO  - 2013-06-28T22:15:00.980Z] SessionManagerReqHand - _postNewSessionCommand - New Session Created: 2ca36250-e040-11e2-bf99-e73f8f15f965
[INFO  - 2013-06-28T22:15:38.576Z] ShutdownReqHand - _handle - About to shutdown
[INFO  - 2013-06-28T22:27:15.422Z] GhostDriver - Main - running on port 32315
[INFO  - 2013-06-28T22:31:39.756Z] GhostDriver - Main - running on port 26904
[INFO  - 2013-06-28T22:56:07.311Z] GhostDriver - Main - running on port 14358
[INFO  - 2013-06-28T22:56:08.296Z] Session [eb7f7420-e045-11e2-8f8c-a3df741d875a] - CONSTRUCTOR - Desired Capabilities: {"javascriptEnabled":true,"phantomjs.binary.path":"/Users/Maxwell/Downloads/phantomjs-1.9.1-macosx/bin/phantomjs"}
[INFO  - 2013-06-28T22:56:08.296Z] Session [eb7f7420-e045-11e2-8f8c-a3df741d875a] - CONSTRUCTOR - Negotiated Capabilities: {"browserName":"phantomjs","version":"1.9.1","driverName":"ghostdriver","driverVersion":"1.0.3","platform":"mac-10.6 (Snow Leopard)-32bit","javascriptEnabled":true,"takesScreenshot":true,"handlesAlerts":false,"databaseEnabled":false,"locationContextEnabled":false,"applicationCacheEnabled":false,"browserConnectionEnabled":false,"cssSelectorsEnabled":true,"webStorageEnabled":false,"rotatable":false,"acceptSslCerts":false,"nativeEvents":true,"proxy":{"proxyType":"direct"}}
[INFO  - 2013-06-28T22:56:08.296Z] SessionManagerReqHand - _postNewSessionCommand - New Session Created: eb7f7420-e045-11e2-8f8c-a3df741d875a
[INFO  - 2013-06-28T22:57:09.219Z] ShutdownReqHand - _handle - About to shutdown
[INFO  - 2013-06-28T22:58:51.858Z] GhostDriver - Main - running on port 22789
[INFO  - 2013-06-28T22:58:52.430Z] Session [4d545080-e046-11e2-b6b8-69817d4a8096] - CONSTRUCTOR - Desired Capabilities: {"javascriptEnabled":true,"phantomjs.binary.path":"/Users/Maxwell/Downloads/phantomjs-1.9.1-macosx/bin/phantomjs"}
[INFO  - 2013-06-28T22:58:52.431Z] Session [4d545080-e046-11e2-b6b8-69817d4a8096] - CONSTRUCTOR - Negotiated Capabilities: {"browserName":"phantomjs","version":"1.9.1","driverName":"ghostdriver","driverVersion":"1.0.3","platform":"mac-10.6 (Snow Leopard)-32bit","javascriptEnabled":true,"takesScreenshot":true,"handlesAlerts":false,"databaseEnabled":false,"locationContextEnabled":false,"applicationCacheEnabled":false,"browserConnectionEnabled":false,"cssSelectorsEnabled":true,"webStorageEnabled":false,"rotatable":false,"acceptSslCerts":false,"nativeEvents":true,"proxy":{"proxyType":"direct"}}
[INFO  - 2013-06-28T22:58:52.431Z] SessionManagerReqHand - _postNewSessionCommand - New Session Created: 4d545080-e046-11e2-b6b8-69817d4a8096
[INFO  - 2013-06-28T23:01:53.413Z] GhostDriver - Main - running on port 42945
[INFO  - 2013-06-28T23:01:53.732Z] Session [b964cde0-e046-11e2-b947-175a328fba3e] - CONSTRUCTOR - Desired Capabilities: {"javascriptEnabled":true,"phantomjs.binary.path":"/Users/Maxwell/Downloads/phantomjs-1.9.1-macosx/bin/phantomjs"}
[INFO  - 2013-06-28T23:01:53.732Z] Session [b964cde0-e046-11e2-b947-175a328fba3e] - CONSTRUCTOR - Negotiated Capabilities: {"browserName":"phantomjs","version":"1.9.1","driverName":"ghostdriver","driverVersion":"1.0.3","platform":"mac-10.6 (Snow Leopard)-32bit","javascriptEnabled":true,"takesScreenshot":true,"handlesAlerts":false,"databaseEnabled":false,"locationContextEnabled":false,"applicationCacheEnabled":false,"browserConnectionEnabled":false,"cssSelectorsEnabled":true,"webStorageEnabled":false,"rotatable":false,"acceptSslCerts":false,"nativeEvents":true,"proxy":{"proxyType":"direct"}}
[INFO  - 2013-06-28T23:01:53.732Z] SessionManagerReqHand - _postNewSessionCommand - New Session Created: b964cde0-e046-11e2-b947-175a328fba3e
[INFO  - 2013-06-28T23:06:05.258Z] GhostDriver - Main - running on port 48435
[INFO  - 2013-06-28T23:06:05.538Z] Session [4f7b59c0-e047-11e2-9456-ed0cdd617944] - CONSTRUCTOR - Desired Capabilities: {"javascriptEnabled":true,"phantomjs.binary.path":"/Users/Maxwell/Downloads/phantomjs-1.9.1-macosx/bin/phantomjs"}
[INFO  - 2013-06-28T23:06:05.539Z] Session [4f7b59c0-e047-11e2-9456-ed0cdd617944] - CONSTRUCTOR - Negotiated Capabilities: {"browserName":"phantomjs","version":"1.9.1","driverName":"ghostdriver","driverVersion":"1.0.3","platform":"mac-10.6 (Snow Leopard)-32bit","javascriptEnabled":true,"takesScreenshot":true,"handlesAlerts":false,"databaseEnabled":false,"locationContextEnabled":false,"applicationCacheEnabled":false,"browserConnectionEnabled":false,"cssSelectorsEnabled":true,"webStorageEnabled":false,"rotatable":false,"acceptSslCerts":false,"nativeEvents":true,"proxy":{"proxyType":"direct"}}
[INFO  - 2013-06-28T23:06:05.539Z] SessionManagerReqHand - _postNewSessionCommand - New Session Created: 4f7b59c0-e047-11e2-9456-ed0cdd617944
[INFO  - 2013-06-28T23:06:24.130Z] ShutdownReqHand - _handle - About to shutdown
[INFO  - 2013-06-28T23:22:26.955Z] GhostDriver - Main - running on port 37103
[INFO  - 2013-06-28T23:22:27.822Z] Session [98f7fe80-e049-11e2-84b0-e3a8abfe4d56] - CONSTRUCTOR - Desired Capabilities: {"javascriptEnabled":true,"phantomjs.binary.path":"/Users/Maxwell/Downloads/phantomjs-1.9.1-macosx/bin/phantomjs"}
[INFO  - 2013-06-28T23:22:27.822Z] Session [98f7fe80-e049-11e2-84b0-e3a8abfe4d56] - CONSTRUCTOR - Negotiated Capabilities: {"browserName":"phantomjs","version":"1.9.1","driverName":"ghostdriver","driverVersion":"1.0.3","platform":"mac-10.6 (Snow Leopard)-32bit","javascriptEnabled":true,"takesScreenshot":true,"handlesAlerts":false,"databaseEnabled":false,"locationContextEnabled":false,"applicationCacheEnabled":false,"browserConnectionEnabled":false,"cssSelectorsEnabled":true,"webStorageEnabled":false,"rotatable":false,"acceptSslCerts":false,"nativeEvents":true,"proxy":{"proxyType":"direct"}}
[INFO  - 2013-06-28T23:22:27.822Z] SessionManagerReqHand - _postNewSessionCommand - New Session Created: 98f7fe80-e049-11e2-84b0-e3a8abfe4d56
[INFO  - 2013-06-28T23:22:52.277Z] ShutdownReqHand - _handle - About to shutdown
[INFO  - 2013-06-28T23:29:25.002Z] GhostDriver - Main - running on port 42972
[INFO  - 2013-06-28T23:29:26.116Z] Session [924a49c0-e04a-11e2-8c84-31a0dc69dcd8] - CONSTRUCTOR - Desired Capabilities: {"javascriptEnabled":true,"phantomjs.binary.path":"/Users/Maxwell/Downloads/phantomjs-1.9.1-macosx/bin/phantomjs"}
[INFO  - 2013-06-28T23:29:26.116Z] Session [924a49c0-e04a-11e2-8c84-31a0dc69dcd8] - CONSTRUCTOR - Negotiated Capabilities: {"browserName":"phantomjs","version":"1.9.1","driverName":"ghostdriver","driverVersion":"1.0.3","platform":"mac-10.6 (Snow Leopard)-32bit","javascriptEnabled":true,"takesScreenshot":true,"handlesAlerts":false,"databaseEnabled":false,"locationContextEnabled":false,"applicationCacheEnabled":false,"browserConnectionEnabled":false,"cssSelectorsEnabled":true,"webStorageEnabled":false,"rotatable":false,"acceptSslCerts":false,"nativeEvents":true,"proxy":{"proxyType":"direct"}}
[INFO  - 2013-06-28T23:29:26.116Z] SessionManagerReqHand - _postNewSessionCommand - New Session Created: 924a49c0-e04a-11e2-8c84-31a0dc69dcd8
[INFO  - 2013-06-28T23:30:05.972Z] ShutdownReqHand - _handle - About to shutdown
[INFO  - 2013-06-28T23:32:41.823Z] GhostDriver - Main - running on port 21978
[INFO  - 2013-06-28T23:32:42.296Z] Session [07394920-e04b-11e2-9dde-8fdc391ecafe] - CONSTRUCTOR - Desired Capabilities: {"javascriptEnabled":true,"phantomjs.binary.path":"/Users/Maxwell/Downloads/phantomjs-1.9.1-macosx/bin/phantomjs"}
[INFO  - 2013-06-28T23:32:42.296Z] Session [07394920-e04b-11e2-9dde-8fdc391ecafe] - CONSTRUCTOR - Negotiated Capabilities: {"browserName":"phantomjs","version":"1.9.1","driverName":"ghostdriver","driverVersion":"1.0.3","platform":"mac-10.6 (Snow Leopard)-32bit","javascriptEnabled":true,"takesScreenshot":true,"handlesAlerts":false,"databaseEnabled":false,"locationContextEnabled":false,"applicationCacheEnabled":false,"browserConnectionEnabled":false,"cssSelectorsEnabled":true,"webStorageEnabled":false,"rotatable":false,"acceptSslCerts":false,"nativeEvents":true,"proxy":{"proxyType":"direct"}}
[INFO  - 2013-06-28T23:32:42.296Z] SessionManagerReqHand - _postNewSessionCommand - New Session Created: 07394920-e04b-11e2-9dde-8fdc391ecafe
[INFO  - 2013-06-28T23:33:24.201Z] ShutdownReqHand - _handle - About to shutdown
[INFO  - 2013-06-28T23:35:10.441Z] GhostDriver - Main - running on port 47909
[INFO  - 2013-06-28T23:35:11.032Z] Session [5fe09920-e04b-11e2-8bd5-d12f137db208] - CONSTRUCTOR - Desired Capabilities: {"javascriptEnabled":true,"phantomjs.binary.path":"/Users/Maxwell/Downloads/phantomjs-1.9.1-macosx/bin/phantomjs"}
[INFO  - 2013-06-28T23:35:11.032Z] Session [5fe09920-e04b-11e2-8bd5-d12f137db208] - CONSTRUCTOR - Negotiated Capabilities: {"browserName":"phantomjs","version":"1.9.1","driverName":"ghostdriver","driverVersion":"1.0.3","platform":"mac-10.6 (Snow Leopard)-32bit","javascriptEnabled":true,"takesScreenshot":true,"handlesAlerts":false,"databaseEnabled":false,"locationContextEnabled":false,"applicationCacheEnabled":false,"browserConnectionEnabled":false,"cssSelectorsEnabled":true,"webStorageEnabled":false,"rotatable":false,"acceptSslCerts":false,"nativeEvents":true,"proxy":{"proxyType":"direct"}}
[INFO  - 2013-06-28T23:35:11.032Z] SessionManagerReqHand - _postNewSessionCommand - New Session Created: 5fe09920-e04b-11e2-8bd5-d12f137db208
[INFO  - 2013-06-28T23:35:55.888Z] ShutdownReqHand - _handle - About to shutdown
[INFO  - 2013-07-01T07:03:28.353Z] GhostDriver - Main - running on port 34750
[INFO  - 2013-07-01T07:03:29.238Z] Session [55489d00-e21c-11e2-a522-6b7cac315411] - CONSTRUCTOR - Desired Capabilities: {"javascriptEnabled":true,"phantomjs.binary.path":"/Users/Maxwell/Downloads/phantomjs-1.9.1-macosx/bin/phantomjs"}
[INFO  - 2013-07-01T07:03:29.238Z] Session [55489d00-e21c-11e2-a522-6b7cac315411] - CONSTRUCTOR - Negotiated Capabilities: {"browserName":"phantomjs","version":"1.9.1","driverName":"ghostdriver","driverVersion":"1.0.3","platform":"mac-10.6 (Snow Leopard)-32bit","javascriptEnabled":true,"takesScreenshot":true,"handlesAlerts":false,"databaseEnabled":false,"locationContextEnabled":false,"applicationCacheEnabled":false,"browserConnectionEnabled":false,"cssSelectorsEnabled":true,"webStorageEnabled":false,"rotatable":false,"acceptSslCerts":false,"nativeEvents":true,"proxy":{"proxyType":"direct"}}
[INFO  - 2013-07-01T07:03:29.239Z] SessionManagerReqHand - _postNewSessionCommand - New Session Created: 55489d00-e21c-11e2-a522-6b7cac315411
[INFO  - 2013-07-01T07:04:20.751Z] ShutdownReqHand - _handle - About to shutdown
[INFO  - 2013-07-01T07:04:42.273Z] GhostDriver - Main - running on port 39089
[INFO  - 2013-07-01T07:04:42.756Z] Session [81193250-e21c-11e2-8f11-135d11671f5b] - CONSTRUCTOR - Desired Capabilities: {"javascriptEnabled":true,"phantomjs.binary.path":"/Users/Maxwell/Downloads/phantomjs-1.9.1-macosx/bin/phantomjs"}
[INFO  - 2013-07-01T07:04:42.757Z] Session [81193250-e21c-11e2-8f11-135d11671f5b] - CONSTRUCTOR - Negotiated Capabilities: {"browserName":"phantomjs","version":"1.9.1","driverName":"ghostdriver","driverVersion":"1.0.3","platform":"mac-10.6 (Snow Leopard)-32bit","javascriptEnabled":true,"takesScreenshot":true,"handlesAlerts":false,"databaseEnabled":false,"locationContextEnabled":false,"applicationCacheEnabled":false,"browserConnectionEnabled":false,"cssSelectorsEnabled":true,"webStorageEnabled":false,"rotatable":false,"acceptSslCerts":false,"nativeEvents":true,"proxy":{"proxyType":"direct"}}
[INFO  - 2013-07-01T07:04:42.758Z] SessionManagerReqHand - _postNewSessionCommand - New Session Created: 81193250-e21c-11e2-8f11-135d11671f5b
[INFO  - 2013-07-01T07:05:30.258Z] ShutdownReqHand - _handle - About to shutdown
[INFO  - 2013-07-03T19:57:04.042Z] GhostDriver - Main - running on port 44655
[INFO  - 2013-07-03T19:57:04.843Z] Session [bbf75f50-e41a-11e2-bb1b-b5a9b06d7716] - CONSTRUCTOR - Desired Capabilities: {"javascriptEnabled":true,"phantomjs.binary.path":"/Users/Maxwell/Downloads/phantomjs-1.9.1-macosx/bin/phantomjs"}
[INFO  - 2013-07-03T19:57:04.843Z] Session [bbf75f50-e41a-11e2-bb1b-b5a9b06d7716] - CONSTRUCTOR - Negotiated Capabilities: {"browserName":"phantomjs","version":"1.9.1","driverName":"ghostdriver","driverVersion":"1.0.3","platform":"mac-10.6 (Snow Leopard)-32bit","javascriptEnabled":true,"takesScreenshot":true,"handlesAlerts":false,"databaseEnabled":false,"locationContextEnabled":false,"applicationCacheEnabled":false,"browserConnectionEnabled":false,"cssSelectorsEnabled":true,"webStorageEnabled":false,"rotatable":false,"acceptSslCerts":false,"nativeEvents":true,"proxy":{"proxyType":"direct"}}
[INFO  - 2013-07-03T19:57:04.843Z] SessionManagerReqHand - _postNewSessionCommand - New Session Created: bbf75f50-e41a-11e2-bb1b-b5a9b06d7716
[INFO  - 2013-07-03T19:57:45.524Z] ShutdownReqHand - _handle - About to shutdown
[INFO  - 2013-07-03T20:09:43.187Z] GhostDriver - Main - running on port 20554
[INFO  - 2013-07-03T20:09:43.695Z] Session [8046ff90-e41c-11e2-83b7-f186d59dbd0e] - CONSTRUCTOR - Desired Capabilities: {"javascriptEnabled":true,"phantomjs.binary.path":"/Users/Maxwell/Downloads/phantomjs-1.9.1-macosx/bin/phantomjs"}
[INFO  - 2013-07-03T20:09:43.695Z] Session [8046ff90-e41c-11e2-83b7-f186d59dbd0e] - CONSTRUCTOR - Negotiated Capabilities: {"browserName":"phantomjs","version":"1.9.1","driverName":"ghostdriver","driverVersion":"1.0.3","platform":"mac-10.6 (Snow Leopard)-32bit","javascriptEnabled":true,"takesScreenshot":true,"handlesAlerts":false,"databaseEnabled":false,"locationContextEnabled":false,"applicationCacheEnabled":false,"browserConnectionEnabled":false,"cssSelectorsEnabled":true,"webStorageEnabled":false,"rotatable":false,"acceptSslCerts":false,"nativeEvents":true,"proxy":{"proxyType":"direct"}}
[INFO  - 2013-07-03T20:09:43.695Z] SessionManagerReqHand - _postNewSessionCommand - New Session Created: 8046ff90-e41c-11e2-83b7-f186d59dbd0e
[INFO  - 2013-07-03T20:10:13.084Z] ShutdownReqHand - _handle - About to shutdown
[INFO  - 2013-07-03T21:00:34.831Z] GhostDriver - Main - running on port 45024
[INFO  - 2013-07-03T21:00:35.342Z] Session [9b336080-e423-11e2-80f2-1d8a2fd2936c] - CONSTRUCTOR - Desired Capabilities: {"javascriptEnabled":true,"phantomjs.binary.path":"/Users/Maxwell/Downloads/phantomjs-1.9.1-macosx/bin/phantomjs"}
[INFO  - 2013-07-03T21:00:35.342Z] Session [9b336080-e423-11e2-80f2-1d8a2fd2936c] - CONSTRUCTOR - Negotiated Capabilities: {"browserName":"phantomjs","version":"1.9.1","driverName":"ghostdriver","driverVersion":"1.0.3","platform":"mac-10.6 (Snow Leopard)-32bit","javascriptEnabled":true,"takesScreenshot":true,"handlesAlerts":false,"databaseEnabled":false,"locationContextEnabled":false,"applicationCacheEnabled":false,"browserConnectionEnabled":false,"cssSelectorsEnabled":true,"webStorageEnabled":false,"rotatable":false,"acceptSslCerts":false,"nativeEvents":true,"proxy":{"proxyType":"direct"}}
[INFO  - 2013-07-03T21:00:35.342Z] SessionManagerReqHand - _postNewSessionCommand - New Session Created: 9b336080-e423-11e2-80f2-1d8a2fd2936c
[INFO  - 2013-07-03T21:01:06.159Z] ShutdownReqHand - _handle - About to shutdown
[INFO  - 2013-07-03T21:43:09.383Z] GhostDriver - Main - running on port 45011
[INFO  - 2013-07-03T21:43:09.789Z] Session [8dc50e70-e429-11e2-835b-cb4f6ddbfe81] - CONSTRUCTOR - Desired Capabilities: {"javascriptEnabled":true,"phantomjs.binary.path":"/Users/Maxwell/Downloads/phantomjs-1.9.1-macosx/bin/phantomjs"}
[INFO  - 2013-07-03T21:43:09.789Z] Session [8dc50e70-e429-11e2-835b-cb4f6ddbfe81] - CONSTRUCTOR - Negotiated Capabilities: {"browserName":"phantomjs","version":"1.9.1","driverName":"ghostdriver","driverVersion":"1.0.3","platform":"mac-10.6 (Snow Leopard)-32bit","javascriptEnabled":true,"takesScreenshot":true,"handlesAlerts":false,"databaseEnabled":false,"locationContextEnabled":false,"applicationCacheEnabled":false,"browserConnectionEnabled":false,"cssSelectorsEnabled":true,"webStorageEnabled":false,"rotatable":false,"acceptSslCerts":false,"nativeEvents":true,"proxy":{"proxyType":"direct"}}
[INFO  - 2013-07-03T21:43:09.789Z] SessionManagerReqHand - _postNewSessionCommand - New Session Created: 8dc50e70-e429-11e2-835b-cb4f6ddbfe81
[INFO  - 2013-07-03T21:43:39.588Z] ShutdownReqHand - _handle - About to shutdown
[INFO  - 2013-07-03T23:04:18.536Z] GhostDriver - Main - running on port 32646
[INFO  - 2013-07-03T23:04:18.804Z] Session [e3edc8e0-e434-11e2-9519-75b4708ece74] - CONSTRUCTOR - Desired Capabilities: {"javascriptEnabled":true,"phantomjs.binary.path":"/Users/Maxwell/Downloads/phantomjs-1.9.1-macosx/bin/phantomjs"}
[INFO  - 2013-07-03T23:04:18.804Z] Session [e3edc8e0-e434-11e2-9519-75b4708ece74] - CONSTRUCTOR - Negotiated Capabilities: {"browserName":"phantomjs","version":"1.9.1","driverName":"ghostdriver","driverVersion":"1.0.3","platform":"mac-10.6 (Snow Leopard)-32bit","javascriptEnabled":true,"takesScreenshot":true,"handlesAlerts":false,"databaseEnabled":false,"locationContextEnabled":false,"applicationCacheEnabled":false,"browserConnectionEnabled":false,"cssSelectorsEnabled":true,"webStorageEnabled":false,"rotatable":false,"acceptSslCerts":false,"nativeEvents":true,"proxy":{"proxyType":"direct"}}
[INFO  - 2013-07-03T23:04:18.805Z] SessionManagerReqHand - _postNewSessionCommand - New Session Created: e3edc8e0-e434-11e2-9519-75b4708ece74
[INFO  - 2013-07-03T23:04:46.799Z] ShutdownReqHand - _handle - About to shutdown
[INFO  - 2013-07-03T23:09:19.967Z] GhostDriver - Main - running on port 39415
[INFO  - 2013-07-03T23:09:20.189Z] Session [97917c70-e435-11e2-bc6f-297ec487dbd2] - CONSTRUCTOR - Desired Capabilities: {"javascriptEnabled":true,"phantomjs.binary.path":"/Users/Maxwell/Downloads/phantomjs-1.9.1-macosx/bin/phantomjs"}
[INFO  - 2013-07-03T23:09:20.189Z] Session [97917c70-e435-11e2-bc6f-297ec487dbd2] - CONSTRUCTOR - Negotiated Capabilities: {"browserName":"phantomjs","version":"1.9.1","driverName":"ghostdriver","driverVersion":"1.0.3","platform":"mac-10.6 (Snow Leopard)-32bit","javascriptEnabled":true,"takesScreenshot":true,"handlesAlerts":false,"databaseEnabled":false,"locationContextEnabled":false,"applicationCacheEnabled":false,"browserConnectionEnabled":false,"cssSelectorsEnabled":true,"webStorageEnabled":false,"rotatable":false,"acceptSslCerts":false,"nativeEvents":true,"proxy":{"proxyType":"direct"}}
[INFO  - 2013-07-03T23:09:20.189Z] SessionManagerReqHand - _postNewSessionCommand - New Session Created: 97917c70-e435-11e2-bc6f-297ec487dbd2
[INFO  - 2013-07-03T23:09:47.888Z] ShutdownReqHand - _handle - About to shutdown
[INFO  - 2013-07-08T17:29:13.059Z] GhostDriver - Main - running on port 20260
[INFO  - 2013-07-08T17:29:13.395Z] Session [e83ce3f0-e7f3-11e2-bddc-5b3f40821b5d] - CONSTRUCTOR - Desired Capabilities: {"javascriptEnabled":true,"phantomjs.binary.path":"/Users/Apple/Desktop/SItest/phantomjs-1.9.1-macosx/bin/phantomjs"}
[INFO  - 2013-07-08T17:29:13.395Z] Session [e83ce3f0-e7f3-11e2-bddc-5b3f40821b5d] - CONSTRUCTOR - Negotiated Capabilities: {"browserName":"phantomjs","version":"1.9.1","driverName":"ghostdriver","driverVersion":"1.0.3","platform":"mac-10.8 (Mountain Lion)-32bit","javascriptEnabled":true,"takesScreenshot":true,"handlesAlerts":false,"databaseEnabled":false,"locationContextEnabled":false,"applicationCacheEnabled":false,"browserConnectionEnabled":false,"cssSelectorsEnabled":true,"webStorageEnabled":false,"rotatable":false,"acceptSslCerts":false,"nativeEvents":true,"proxy":{"proxyType":"direct"}}
[INFO  - 2013-07-08T17:29:13.395Z] SessionManagerReqHand - _postNewSessionCommand - New Session Created: e83ce3f0-e7f3-11e2-bddc-5b3f40821b5d
[INFO  - 2013-07-08T17:29:44.879Z] ShutdownReqHand - _handle - About to shutdown
[INFO  - 2013-07-08T18:17:44.470Z] GhostDriver - Main - running on port 30097
[INFO  - 2013-07-08T18:17:44.635Z] Session [af78dc70-e7fa-11e2-b919-1f4278369191] - CONSTRUCTOR - Desired Capabilities: {"javascriptEnabled":true,"phantomjs.binary.path":"/Users/Apple/Desktop/SItest/phantomjs-1.9.1-macosx/bin/phantomjs"}
[INFO  - 2013-07-08T18:17:44.635Z] Session [af78dc70-e7fa-11e2-b919-1f4278369191] - CONSTRUCTOR - Negotiated Capabilities: {"browserName":"phantomjs","version":"1.9.1","driverName":"ghostdriver","driverVersion":"1.0.3","platform":"mac-10.8 (Mountain Lion)-32bit","javascriptEnabled":true,"takesScreenshot":true,"handlesAlerts":false,"databaseEnabled":false,"locationContextEnabled":false,"applicationCacheEnabled":false,"browserConnectionEnabled":false,"cssSelectorsEnabled":true,"webStorageEnabled":false,"rotatable":false,"acceptSslCerts":false,"nativeEvents":true,"proxy":{"proxyType":"direct"}}
[INFO  - 2013-07-08T18:17:44.635Z] SessionManagerReqHand - _postNewSessionCommand - New Session Created: af78dc70-e7fa-11e2-b919-1f4278369191
[INFO  - 2013-07-08T18:18:06.293Z] ShutdownReqHand - _handle - About to shutdown
[INFO  - 2013-07-08T18:50:30.359Z] GhostDriver - Main - running on port 13445
[INFO  - 2013-07-08T18:50:31.292Z] Session [43b0e780-e7ff-11e2-96b0-490daf09ae9f] - CONSTRUCTOR - Desired Capabilities: {"javascriptEnabled":true,"phantomjs.binary.path":"/Users/Apple/Desktop/SItest/phantomjs-1.9.1-macosx/bin/phantomjs"}
[INFO  - 2013-07-08T18:50:31.292Z] Session [43b0e780-e7ff-11e2-96b0-490daf09ae9f] - CONSTRUCTOR - Negotiated Capabilities: {"browserName":"phantomjs","version":"1.9.1","driverName":"ghostdriver","driverVersion":"1.0.3","platform":"mac-10.8 (Mountain Lion)-32bit","javascriptEnabled":true,"takesScreenshot":true,"handlesAlerts":false,"databaseEnabled":false,"locationContextEnabled":false,"applicationCacheEnabled":false,"browserConnectionEnabled":false,"cssSelectorsEnabled":true,"webStorageEnabled":false,"rotatable":false,"acceptSslCerts":false,"nativeEvents":true,"proxy":{"proxyType":"direct"}}
[INFO  - 2013-07-08T18:50:31.292Z] SessionManagerReqHand - _postNewSessionCommand - New Session Created: 43b0e780-e7ff-11e2-96b0-490daf09ae9f
[INFO  - 2013-07-08T18:50:53.159Z] ShutdownReqHand - _handle - About to shutdown
[INFO  - 2013-07-08T19:14:28.827Z] GhostDriver - Main - running on port 23150
[INFO  - 2013-07-08T19:14:29.207Z] Session [9cc15230-e802-11e2-a21b-99835fc29dd7] - CONSTRUCTOR - Desired Capabilities: {"javascriptEnabled":true,"phantomjs.binary.path":"/Users/Apple/Desktop/SItest/phantomjs-1.9.1-macosx/bin/phantomjs"}
[INFO  - 2013-07-08T19:14:29.207Z] Session [9cc15230-e802-11e2-a21b-99835fc29dd7] - CONSTRUCTOR - Negotiated Capabilities: {"browserName":"phantomjs","version":"1.9.1","driverName":"ghostdriver","driverVersion":"1.0.3","platform":"mac-10.8 (Mountain Lion)-32bit","javascriptEnabled":true,"takesScreenshot":true,"handlesAlerts":false,"databaseEnabled":false,"locationContextEnabled":false,"applicationCacheEnabled":false,"browserConnectionEnabled":false,"cssSelectorsEnabled":true,"webStorageEnabled":false,"rotatable":false,"acceptSslCerts":false,"nativeEvents":true,"proxy":{"proxyType":"direct"}}
[INFO  - 2013-07-08T19:14:29.207Z] SessionManagerReqHand - _postNewSessionCommand - New Session Created: 9cc15230-e802-11e2-a21b-99835fc29dd7
[INFO  - 2013-07-08T19:15:25.145Z] ShutdownReqHand - _handle - About to shutdown
[INFO  - 2013-07-08T19:20:36.609Z] GhostDriver - Main - running on port 18150
[INFO  - 2013-07-08T19:20:37.006Z] Session [77fb25b0-e803-11e2-b5c2-af5f5180ea5a] - CONSTRUCTOR - Desired Capabilities: {"javascriptEnabled":true,"phantomjs.binary.path":"/Users/Apple/Desktop/SItest/phantomjs-1.9.1-macosx/bin/phantomjs"}
[INFO  - 2013-07-08T19:20:37.006Z] Session [77fb25b0-e803-11e2-b5c2-af5f5180ea5a] - CONSTRUCTOR - Negotiated Capabilities: {"browserName":"phantomjs","version":"1.9.1","driverName":"ghostdriver","driverVersion":"1.0.3","platform":"mac-10.8 (Mountain Lion)-32bit","javascriptEnabled":true,"takesScreenshot":true,"handlesAlerts":false,"databaseEnabled":false,"locationContextEnabled":false,"applicationCacheEnabled":false,"browserConnectionEnabled":false,"cssSelectorsEnabled":true,"webStorageEnabled":false,"rotatable":false,"acceptSslCerts":false,"nativeEvents":true,"proxy":{"proxyType":"direct"}}
[INFO  - 2013-07-08T19:20:37.007Z] SessionManagerReqHand - _postNewSessionCommand - New Session Created: 77fb25b0-e803-11e2-b5c2-af5f5180ea5a
[INFO  - 2013-07-08T19:21:31.269Z] ShutdownReqHand - _handle - About to shutdown
[INFO  - 2013-07-08T19:22:04.273Z] GhostDriver - Main - running on port 19428
[INFO  - 2013-07-08T19:22:04.704Z] Session [ac40a5c0-e803-11e2-a0b4-9d26bbe58617] - CONSTRUCTOR - Desired Capabilities: {"javascriptEnabled":true,"phantomjs.binary.path":"/Users/Apple/Desktop/SItest/phantomjs-1.9.1-macosx/bin/phantomjs"}
[INFO  - 2013-07-08T19:22:04.704Z] Session [ac40a5c0-e803-11e2-a0b4-9d26bbe58617] - CONSTRUCTOR - Negotiated Capabilities: {"browserName":"phantomjs","version":"1.9.1","driverName":"ghostdriver","driverVersion":"1.0.3","platform":"mac-10.8 (Mountain Lion)-32bit","javascriptEnabled":true,"takesScreenshot":true,"handlesAlerts":false,"databaseEnabled":false,"locationContextEnabled":false,"applicationCacheEnabled":false,"browserConnectionEnabled":false,"cssSelectorsEnabled":true,"webStorageEnabled":false,"rotatable":false,"acceptSslCerts":false,"nativeEvents":true,"proxy":{"proxyType":"direct"}}
[INFO  - 2013-07-08T19:22:04.704Z] SessionManagerReqHand - _postNewSessionCommand - New Session Created: ac40a5c0-e803-11e2-a0b4-9d26bbe58617
[INFO  - 2013-07-08T19:23:09.703Z] ShutdownReqHand - _handle - About to shutdown
[INFO  - 2013-07-08T19:35:34.476Z] GhostDriver - Main - running on port 21006
[INFO  - 2013-07-08T19:35:34.626Z] Session [8f00efe0-e805-11e2-99a1-b7b49812f45e] - CONSTRUCTOR - Desired Capabilities: {"javascriptEnabled":true,"phantomjs.binary.path":"/Users/Apple/Desktop/SItest/phantomjs-1.9.1-macosx/bin/phantomjs"}
[INFO  - 2013-07-08T19:35:34.626Z] Session [8f00efe0-e805-11e2-99a1-b7b49812f45e] - CONSTRUCTOR - Negotiated Capabilities: {"browserName":"phantomjs","version":"1.9.1","driverName":"ghostdriver","driverVersion":"1.0.3","platform":"mac-10.8 (Mountain Lion)-32bit","javascriptEnabled":true,"takesScreenshot":true,"handlesAlerts":false,"databaseEnabled":false,"locationContextEnabled":false,"applicationCacheEnabled":false,"browserConnectionEnabled":false,"cssSelectorsEnabled":true,"webStorageEnabled":false,"rotatable":false,"acceptSslCerts":false,"nativeEvents":true,"proxy":{"proxyType":"direct"}}
[INFO  - 2013-07-08T19:35:34.626Z] SessionManagerReqHand - _postNewSessionCommand - New Session Created: 8f00efe0-e805-11e2-99a1-b7b49812f45e
[INFO  - 2013-07-08T19:36:38.722Z] ShutdownReqHand - _handle - About to shutdown
[INFO  - 2013-07-08T21:16:49.872Z] GhostDriver - Main - running on port 44343
[INFO  - 2013-07-08T21:16:50.022Z] Session [b438f330-e813-11e2-ab40-a18e9a01b297] - CONSTRUCTOR - Desired Capabilities: {"javascriptEnabled":true,"phantomjs.binary.path":"/Users/Apple/Desktop/SItest/phantomjs-1.9.1-macosx/bin/phantomjs"}
[INFO  - 2013-07-08T21:16:50.022Z] Session [b438f330-e813-11e2-ab40-a18e9a01b297] - CONSTRUCTOR - Negotiated Capabilities: {"browserName":"phantomjs","version":"1.9.1","driverName":"ghostdriver","driverVersion":"1.0.3","platform":"mac-10.8 (Mountain Lion)-32bit","javascriptEnabled":true,"takesScreenshot":true,"handlesAlerts":false,"databaseEnabled":false,"locationContextEnabled":false,"applicationCacheEnabled":false,"browserConnectionEnabled":false,"cssSelectorsEnabled":true,"webStorageEnabled":false,"rotatable":false,"acceptSslCerts":false,"nativeEvents":true,"proxy":{"proxyType":"direct"}}
[INFO  - 2013-07-08T21:16:50.022Z] SessionManagerReqHand - _postNewSessionCommand - New Session Created: b438f330-e813-11e2-ab40-a18e9a01b297
[INFO  - 2013-07-08T21:17:52.378Z] ShutdownReqHand - _handle - About to shutdown
[INFO  - 2013-07-08T21:35:08.190Z] GhostDriver - Main - running on port 46162
[INFO  - 2013-07-08T21:35:08.348Z] Session [42e03290-e816-11e2-be59-e5637438c124] - CONSTRUCTOR - Desired Capabilities: {"javascriptEnabled":true,"phantomjs.binary.path":"/Users/Apple/Desktop/SItest/phantomjs-1.9.1-macosx/bin/phantomjs"}
[INFO  - 2013-07-08T21:35:08.348Z] Session [42e03290-e816-11e2-be59-e5637438c124] - CONSTRUCTOR - Negotiated Capabilities: {"browserName":"phantomjs","version":"1.9.1","driverName":"ghostdriver","driverVersion":"1.0.3","platform":"mac-10.8 (Mountain Lion)-32bit","javascriptEnabled":true,"takesScreenshot":true,"handlesAlerts":false,"databaseEnabled":false,"locationContextEnabled":false,"applicationCacheEnabled":false,"browserConnectionEnabled":false,"cssSelectorsEnabled":true,"webStorageEnabled":false,"rotatable":false,"acceptSslCerts":false,"nativeEvents":true,"proxy":{"proxyType":"direct"}}
[INFO  - 2013-07-08T21:35:08.348Z] SessionManagerReqHand - _postNewSessionCommand - New Session Created: 42e03290-e816-11e2-be59-e5637438c124
[INFO  - 2013-07-08T21:35:30.809Z] ShutdownReqHand - _handle - About to shutdown
[INFO  - 2013-07-08T21:36:19.483Z] GhostDriver - Main - running on port 11252
[INFO  - 2013-07-08T21:36:19.686Z] Session [6d658330-e816-11e2-bfa0-c977b55b87f3] - CONSTRUCTOR - Desired Capabilities: {"javascriptEnabled":true,"phantomjs.binary.path":"/Users/Apple/Desktop/SItest/phantomjs-1.9.1-macosx/bin/phantomjs"}
[INFO  - 2013-07-08T21:36:19.687Z] Session [6d658330-e816-11e2-bfa0-c977b55b87f3] - CONSTRUCTOR - Negotiated Capabilities: {"browserName":"phantomjs","version":"1.9.1","driverName":"ghostdriver","driverVersion":"1.0.3","platform":"mac-10.8 (Mountain Lion)-32bit","javascriptEnabled":true,"takesScreenshot":true,"handlesAlerts":false,"databaseEnabled":false,"locationContextEnabled":false,"applicationCacheEnabled":false,"browserConnectionEnabled":false,"cssSelectorsEnabled":true,"webStorageEnabled":false,"rotatable":false,"acceptSslCerts":false,"nativeEvents":true,"proxy":{"proxyType":"direct"}}
[INFO  - 2013-07-08T21:36:19.687Z] SessionManagerReqHand - _postNewSessionCommand - New Session Created: 6d658330-e816-11e2-bfa0-c977b55b87f3
[INFO  - 2013-07-08T21:36:50.337Z] ShutdownReqHand - _handle - About to shutdown
[INFO  - 2013-07-08T21:42:57.565Z] GhostDriver - Main - running on port 33337
[INFO  - 2013-07-08T21:42:57.726Z] Session [5aa598b0-e817-11e2-be63-cd50647709ac] - CONSTRUCTOR - Desired Capabilities: {"javascriptEnabled":true,"phantomjs.binary.path":"/Users/Apple/Desktop/SItest/phantomjs-1.9.1-macosx/bin/phantomjs"}
[INFO  - 2013-07-08T21:42:57.726Z] Session [5aa598b0-e817-11e2-be63-cd50647709ac] - CONSTRUCTOR - Negotiated Capabilities: {"browserName":"phantomjs","version":"1.9.1","driverName":"ghostdriver","driverVersion":"1.0.3","platform":"mac-10.8 (Mountain Lion)-32bit","javascriptEnabled":true,"takesScreenshot":true,"handlesAlerts":false,"databaseEnabled":false,"locationContextEnabled":false,"applicationCacheEnabled":false,"browserConnectionEnabled":false,"cssSelectorsEnabled":true,"webStorageEnabled":false,"rotatable":false,"acceptSslCerts":false,"nativeEvents":true,"proxy":{"proxyType":"direct"}}
[INFO  - 2013-07-08T21:42:57.726Z] SessionManagerReqHand - _postNewSessionCommand - New Session Created: 5aa598b0-e817-11e2-be63-cd50647709ac
[INFO  - 2013-07-08T21:43:18.547Z] ShutdownReqHand - _handle - About to shutdown
[INFO  - 2013-07-09T17:17:14.204Z] GhostDriver - Main - running on port 19879
[INFO  - 2013-07-09T17:17:14.486Z] Session [6625fc30-e8bb-11e2-b8cd-e3e30a583814] - CONSTRUCTOR - Desired Capabilities: {"javascriptEnabled":true,"phantomjs.binary.path":"/Users/Apple/Desktop/SItest/phantomjs-1.9.1-macosx/bin/phantomjs"}
[INFO  - 2013-07-09T17:17:14.486Z] Session [6625fc30-e8bb-11e2-b8cd-e3e30a583814] - CONSTRUCTOR - Negotiated Capabilities: {"browserName":"phantomjs","version":"1.9.1","driverName":"ghostdriver","driverVersion":"1.0.3","platform":"mac-10.8 (Mountain Lion)-32bit","javascriptEnabled":true,"takesScreenshot":true,"handlesAlerts":false,"databaseEnabled":false,"locationContextEnabled":false,"applicationCacheEnabled":false,"browserConnectionEnabled":false,"cssSelectorsEnabled":true,"webStorageEnabled":false,"rotatable":false,"acceptSslCerts":false,"nativeEvents":true,"proxy":{"proxyType":"direct"}}
[INFO  - 2013-07-09T17:17:14.486Z] SessionManagerReqHand - _postNewSessionCommand - New Session Created: 6625fc30-e8bb-11e2-b8cd-e3e30a583814
[INFO  - 2013-07-09T17:17:37.681Z] ShutdownReqHand - _handle - About to shutdown
[INFO  - 2013-07-10T17:15:38.036Z] GhostDriver - Main - running on port 41435
[INFO  - 2013-07-10T17:15:38.451Z] Session [5751cdf0-e984-11e2-8aa8-0dd6adb7d748] - CONSTRUCTOR - Desired Capabilities: {"javascriptEnabled":true,"phantomjs.binary.path":"/Users/Apple/Desktop/SItest/phantomjs-1.9.1-macosx/bin/phantomjs"}
[INFO  - 2013-07-10T17:15:38.451Z] Session [5751cdf0-e984-11e2-8aa8-0dd6adb7d748] - CONSTRUCTOR - Negotiated Capabilities: {"browserName":"phantomjs","version":"1.9.1","driverName":"ghostdriver","driverVersion":"1.0.3","platform":"mac-10.8 (Mountain Lion)-32bit","javascriptEnabled":true,"takesScreenshot":true,"handlesAlerts":false,"databaseEnabled":false,"locationContextEnabled":false,"applicationCacheEnabled":false,"browserConnectionEnabled":false,"cssSelectorsEnabled":true,"webStorageEnabled":false,"rotatable":false,"acceptSslCerts":false,"nativeEvents":true,"proxy":{"proxyType":"direct"}}
[INFO  - 2013-07-10T17:15:38.451Z] SessionManagerReqHand - _postNewSessionCommand - New Session Created: 5751cdf0-e984-11e2-8aa8-0dd6adb7d748
[INFO  - 2013-07-10T17:16:02.826Z] ShutdownReqHand - _handle - About to shutdown
[INFO  - 2013-07-10T18:14:52.143Z] GhostDriver - Main - running on port 14239
[INFO  - 2013-07-10T18:14:52.459Z] Session [9dac8a80-e98c-11e2-abe9-c5d1dc9c0103] - CONSTRUCTOR - Desired Capabilities: {"javascriptEnabled":true,"phantomjs.binary.path":"/Users/Apple/Desktop/SItest/phantomjs-1.9.1-macosx/bin/phantomjs"}
[INFO  - 2013-07-10T18:14:52.459Z] Session [9dac8a80-e98c-11e2-abe9-c5d1dc9c0103] - CONSTRUCTOR - Negotiated Capabilities: {"browserName":"phantomjs","version":"1.9.1","driverName":"ghostdriver","driverVersion":"1.0.3","platform":"mac-10.8 (Mountain Lion)-32bit","javascriptEnabled":true,"takesScreenshot":true,"handlesAlerts":false,"databaseEnabled":false,"locationContextEnabled":false,"applicationCacheEnabled":false,"browserConnectionEnabled":false,"cssSelectorsEnabled":true,"webStorageEnabled":false,"rotatable":false,"acceptSslCerts":false,"nativeEvents":true,"proxy":{"proxyType":"direct"}}
[INFO  - 2013-07-10T18:14:52.459Z] SessionManagerReqHand - _postNewSessionCommand - New Session Created: 9dac8a80-e98c-11e2-abe9-c5d1dc9c0103
[INFO  - 2013-07-10T18:15:16.311Z] ShutdownReqHand - _handle - About to shutdown
[INFO  - 2013-07-10T18:38:09.779Z] GhostDriver - Main - running on port 36119
[INFO  - 2013-07-10T18:38:09.931Z] Session [dea1b170-e98f-11e2-a81b-05de4b39e48a] - CONSTRUCTOR - Desired Capabilities: {"javascriptEnabled":true,"phantomjs.binary.path":"/Users/Apple/Desktop/SItest/phantomjs-1.9.1-macosx/bin/phantomjs"}
[INFO  - 2013-07-10T18:38:09.931Z] Session [dea1b170-e98f-11e2-a81b-05de4b39e48a] - CONSTRUCTOR - Negotiated Capabilities: {"browserName":"phantomjs","version":"1.9.1","driverName":"ghostdriver","driverVersion":"1.0.3","platform":"mac-10.8 (Mountain Lion)-32bit","javascriptEnabled":true,"takesScreenshot":true,"handlesAlerts":false,"databaseEnabled":false,"locationContextEnabled":false,"applicationCacheEnabled":false,"browserConnectionEnabled":false,"cssSelectorsEnabled":true,"webStorageEnabled":false,"rotatable":false,"acceptSslCerts":false,"nativeEvents":true,"proxy":{"proxyType":"direct"}}
[INFO  - 2013-07-10T18:38:09.931Z] SessionManagerReqHand - _postNewSessionCommand - New Session Created: dea1b170-e98f-11e2-a81b-05de4b39e48a
[INFO  - 2013-07-10T18:39:20.320Z] ShutdownReqHand - _handle - About to shutdown
[INFO  - 2013-07-10T19:23:57.953Z] GhostDriver - Main - running on port 16789
[INFO  - 2013-07-10T19:23:58.458Z] Session [44e1c870-e996-11e2-9cba-ab5094b747e5] - CONSTRUCTOR - Desired Capabilities: {"javascriptEnabled":true,"phantomjs.binary.path":"/Users/Apple/Desktop/SItest/phantomjs-1.9.1-macosx/bin/phantomjs"}
[INFO  - 2013-07-10T19:23:58.458Z] Session [44e1c870-e996-11e2-9cba-ab5094b747e5] - CONSTRUCTOR - Negotiated Capabilities: {"browserName":"phantomjs","version":"1.9.1","driverName":"ghostdriver","driverVersion":"1.0.3","platform":"mac-10.8 (Mountain Lion)-32bit","javascriptEnabled":true,"takesScreenshot":true,"handlesAlerts":false,"databaseEnabled":false,"locationContextEnabled":false,"applicationCacheEnabled":false,"browserConnectionEnabled":false,"cssSelectorsEnabled":true,"webStorageEnabled":false,"rotatable":false,"acceptSslCerts":false,"nativeEvents":true,"proxy":{"proxyType":"direct"}}
[INFO  - 2013-07-10T19:23:58.458Z] SessionManagerReqHand - _postNewSessionCommand - New Session Created: 44e1c870-e996-11e2-9cba-ab5094b747e5
[INFO  - 2013-07-10T19:24:20.384Z] ShutdownReqHand - _handle - About to shutdown
[INFO  - 2013-07-10T19:25:05.701Z] GhostDriver - Main - running on port 46341
[INFO  - 2013-07-10T19:25:05.846Z] Session [6d0c6030-e996-11e2-9ac0-6f3a738a7828] - CONSTRUCTOR - Desired Capabilities: {"javascriptEnabled":true,"phantomjs.binary.path":"/Users/Apple/Desktop/SItest/phantomjs-1.9.1-macosx/bin/phantomjs"}
[INFO  - 2013-07-10T19:25:05.847Z] Session [6d0c6030-e996-11e2-9ac0-6f3a738a7828] - CONSTRUCTOR - Negotiated Capabilities: {"browserName":"phantomjs","version":"1.9.1","driverName":"ghostdriver","driverVersion":"1.0.3","platform":"mac-10.8 (Mountain Lion)-32bit","javascriptEnabled":true,"takesScreenshot":true,"handlesAlerts":false,"databaseEnabled":false,"locationContextEnabled":false,"applicationCacheEnabled":false,"browserConnectionEnabled":false,"cssSelectorsEnabled":true,"webStorageEnabled":false,"rotatable":false,"acceptSslCerts":false,"nativeEvents":true,"proxy":{"proxyType":"direct"}}
[INFO  - 2013-07-10T19:25:05.847Z] SessionManagerReqHand - _postNewSessionCommand - New Session Created: 6d0c6030-e996-11e2-9ac0-6f3a738a7828
[INFO  - 2013-07-10T19:25:29.757Z] ShutdownReqHand - _handle - About to shutdown
[INFO  - 2013-07-10T19:32:09.023Z] GhostDriver - Main - running on port 31789
[INFO  - 2013-07-10T19:32:09.171Z] Session [695e7df0-e997-11e2-b82a-17ca7f567100] - CONSTRUCTOR - Desired Capabilities: {"javascriptEnabled":true,"phantomjs.binary.path":"/Users/Apple/Desktop/SItest/phantomjs-1.9.1-macosx/bin/phantomjs"}
[INFO  - 2013-07-10T19:32:09.171Z] Session [695e7df0-e997-11e2-b82a-17ca7f567100] - CONSTRUCTOR - Negotiated Capabilities: {"browserName":"phantomjs","version":"1.9.1","driverName":"ghostdriver","driverVersion":"1.0.3","platform":"mac-10.8 (Mountain Lion)-32bit","javascriptEnabled":true,"takesScreenshot":true,"handlesAlerts":false,"databaseEnabled":false,"locationContextEnabled":false,"applicationCacheEnabled":false,"browserConnectionEnabled":false,"cssSelectorsEnabled":true,"webStorageEnabled":false,"rotatable":false,"acceptSslCerts":false,"nativeEvents":true,"proxy":{"proxyType":"direct"}}
[INFO  - 2013-07-10T19:32:09.171Z] SessionManagerReqHand - _postNewSessionCommand - New Session Created: 695e7df0-e997-11e2-b82a-17ca7f567100
[INFO  - 2013-07-10T19:32:40.691Z] ShutdownReqHand - _handle - About to shutdown
[INFO  - 2013-07-10T19:34:12.191Z] GhostDriver - Main - running on port 30372
[INFO  - 2013-07-10T19:34:12.328Z] Session [b2c6c240-e997-11e2-b82f-a18e3062e063] - CONSTRUCTOR - Desired Capabilities: {"javascriptEnabled":true,"phantomjs.binary.path":"/Users/Apple/Desktop/SItest/phantomjs-1.9.1-macosx/bin/phantomjs"}
[INFO  - 2013-07-10T19:34:12.328Z] Session [b2c6c240-e997-11e2-b82f-a18e3062e063] - CONSTRUCTOR - Negotiated Capabilities: {"browserName":"phantomjs","version":"1.9.1","driverName":"ghostdriver","driverVersion":"1.0.3","platform":"mac-10.8 (Mountain Lion)-32bit","javascriptEnabled":true,"takesScreenshot":true,"handlesAlerts":false,"databaseEnabled":false,"locationContextEnabled":false,"applicationCacheEnabled":false,"browserConnectionEnabled":false,"cssSelectorsEnabled":true,"webStorageEnabled":false,"rotatable":false,"acceptSslCerts":false,"nativeEvents":true,"proxy":{"proxyType":"direct"}}
[INFO  - 2013-07-10T19:34:12.328Z] SessionManagerReqHand - _postNewSessionCommand - New Session Created: b2c6c240-e997-11e2-b82f-a18e3062e063
[INFO  - 2013-07-10T19:34:33.740Z] ShutdownReqHand - _handle - About to shutdown
[INFO  - 2013-07-10T20:21:20.793Z] GhostDriver - Main - running on port 1310
[INFO  - 2013-07-10T20:21:21.360Z] Session [4902efd0-e99e-11e2-83ec-8119fb5026a9] - CONSTRUCTOR - Desired Capabilities: {"javascriptEnabled":true,"phantomjs.binary.path":"/Users/Apple/Desktop/SItest/phantomjs-1.9.1-macosx/bin/phantomjs"}
[INFO  - 2013-07-10T20:21:21.360Z] Session [4902efd0-e99e-11e2-83ec-8119fb5026a9] - CONSTRUCTOR - Negotiated Capabilities: {"browserName":"phantomjs","version":"1.9.1","driverName":"ghostdriver","driverVersion":"1.0.3","platform":"mac-10.8 (Mountain Lion)-32bit","javascriptEnabled":true,"takesScreenshot":true,"handlesAlerts":false,"databaseEnabled":false,"locationContextEnabled":false,"applicationCacheEnabled":false,"browserConnectionEnabled":false,"cssSelectorsEnabled":true,"webStorageEnabled":false,"rotatable":false,"acceptSslCerts":false,"nativeEvents":true,"proxy":{"proxyType":"direct"}}
[INFO  - 2013-07-10T20:21:21.360Z] SessionManagerReqHand - _postNewSessionCommand - New Session Created: 4902efd0-e99e-11e2-83ec-8119fb5026a9
[INFO  - 2013-07-10T20:21:45.778Z] ShutdownReqHand - _handle - About to shutdown
[INFO  - 2013-07-10T20:25:07.319Z] GhostDriver - Main - running on port 8723
[INFO  - 2013-07-10T20:25:07.770Z] Session [cff63560-e99e-11e2-8b5b-1d84b9c8b269] - CONSTRUCTOR - Desired Capabilities: {"javascriptEnabled":true,"phantomjs.binary.path":"/Users/Apple/Desktop/SItest/phantomjs-1.9.1-macosx/bin/phantomjs"}
[INFO  - 2013-07-10T20:25:07.770Z] Session [cff63560-e99e-11e2-8b5b-1d84b9c8b269] - CONSTRUCTOR - Negotiated Capabilities: {"browserName":"phantomjs","version":"1.9.1","driverName":"ghostdriver","driverVersion":"1.0.3","platform":"mac-10.8 (Mountain Lion)-32bit","javascriptEnabled":true,"takesScreenshot":true,"handlesAlerts":false,"databaseEnabled":false,"locationContextEnabled":false,"applicationCacheEnabled":false,"browserConnectionEnabled":false,"cssSelectorsEnabled":true,"webStorageEnabled":false,"rotatable":false,"acceptSslCerts":false,"nativeEvents":true,"proxy":{"proxyType":"direct"}}
[INFO  - 2013-07-10T20:25:07.770Z] SessionManagerReqHand - _postNewSessionCommand - New Session Created: cff63560-e99e-11e2-8b5b-1d84b9c8b269
[INFO  - 2013-07-10T20:25:33.231Z] ShutdownReqHand - _handle - About to shutdown
[INFO  - 2013-07-10T20:25:59.243Z] GhostDriver - Main - running on port 6085
[INFO  - 2013-07-10T20:25:59.408Z] Session [eebdb1d0-e99e-11e2-a2e4-8997219b9012] - CONSTRUCTOR - Desired Capabilities: {"javascriptEnabled":true,"phantomjs.binary.path":"/Users/Apple/Desktop/SItest/phantomjs-1.9.1-macosx/bin/phantomjs"}
[INFO  - 2013-07-10T20:25:59.408Z] Session [eebdb1d0-e99e-11e2-a2e4-8997219b9012] - CONSTRUCTOR - Negotiated Capabilities: {"browserName":"phantomjs","version":"1.9.1","driverName":"ghostdriver","driverVersion":"1.0.3","platform":"mac-10.8 (Mountain Lion)-32bit","javascriptEnabled":true,"takesScreenshot":true,"handlesAlerts":false,"databaseEnabled":false,"locationContextEnabled":false,"applicationCacheEnabled":false,"browserConnectionEnabled":false,"cssSelectorsEnabled":true,"webStorageEnabled":false,"rotatable":false,"acceptSslCerts":false,"nativeEvents":true,"proxy":{"proxyType":"direct"}}
[INFO  - 2013-07-10T20:25:59.408Z] SessionManagerReqHand - _postNewSessionCommand - New Session Created: eebdb1d0-e99e-11e2-a2e4-8997219b9012
[INFO  - 2013-07-10T20:26:20.960Z] ShutdownReqHand - _handle - About to shutdown
[INFO  - 2013-07-10T20:31:34.423Z] GhostDriver - Main - running on port 32893
[INFO  - 2013-07-10T20:31:34.571Z] Session [b6835b70-e99f-11e2-9da1-71d0ca00e812] - CONSTRUCTOR - Desired Capabilities: {"javascriptEnabled":true,"phantomjs.binary.path":"/Users/Apple/Desktop/SItest/phantomjs-1.9.1-macosx/bin/phantomjs"}
[INFO  - 2013-07-10T20:31:34.571Z] Session [b6835b70-e99f-11e2-9da1-71d0ca00e812] - CONSTRUCTOR - Negotiated Capabilities: {"browserName":"phantomjs","version":"1.9.1","driverName":"ghostdriver","driverVersion":"1.0.3","platform":"mac-10.8 (Mountain Lion)-32bit","javascriptEnabled":true,"takesScreenshot":true,"handlesAlerts":false,"databaseEnabled":false,"locationContextEnabled":false,"applicationCacheEnabled":false,"browserConnectionEnabled":false,"cssSelectorsEnabled":true,"webStorageEnabled":false,"rotatable":false,"acceptSslCerts":false,"nativeEvents":true,"proxy":{"proxyType":"direct"}}
[INFO  - 2013-07-10T20:31:34.572Z] SessionManagerReqHand - _postNewSessionCommand - New Session Created: b6835b70-e99f-11e2-9da1-71d0ca00e812
[INFO  - 2013-07-10T20:31:57.467Z] ShutdownReqHand - _handle - About to shutdown
[INFO  - 2013-07-10T20:32:26.721Z] GhostDriver - Main - running on port 5344
[INFO  - 2013-07-10T20:32:26.932Z] Session [d5b92a10-e99f-11e2-8e66-51f13cef8c45] - CONSTRUCTOR - Desired Capabilities: {"javascriptEnabled":true,"phantomjs.binary.path":"/Users/Apple/Desktop/SItest/phantomjs-1.9.1-macosx/bin/phantomjs"}
[INFO  - 2013-07-10T20:32:26.933Z] Session [d5b92a10-e99f-11e2-8e66-51f13cef8c45] - CONSTRUCTOR - Negotiated Capabilities: {"browserName":"phantomjs","version":"1.9.1","driverName":"ghostdriver","driverVersion":"1.0.3","platform":"mac-10.8 (Mountain Lion)-32bit","javascriptEnabled":true,"takesScreenshot":true,"handlesAlerts":false,"databaseEnabled":false,"locationContextEnabled":false,"applicationCacheEnabled":false,"browserConnectionEnabled":false,"cssSelectorsEnabled":true,"webStorageEnabled":false,"rotatable":false,"acceptSslCerts":false,"nativeEvents":true,"proxy":{"proxyType":"direct"}}
[INFO  - 2013-07-10T20:32:26.933Z] SessionManagerReqHand - _postNewSessionCommand - New Session Created: d5b92a10-e99f-11e2-8e66-51f13cef8c45
[INFO  - 2013-07-10T20:32:49.995Z] ShutdownReqHand - _handle - About to shutdown
[INFO  - 2013-07-10T20:33:28.071Z] GhostDriver - Main - running on port 8578
[INFO  - 2013-07-10T20:33:28.233Z] Session [fa42cd50-e99f-11e2-a441-13bb7b28fff5] - CONSTRUCTOR - Desired Capabilities: {"javascriptEnabled":true,"phantomjs.binary.path":"/Users/Apple/Desktop/SItest/phantomjs-1.9.1-macosx/bin/phantomjs"}
[INFO  - 2013-07-10T20:33:28.233Z] Session [fa42cd50-e99f-11e2-a441-13bb7b28fff5] - CONSTRUCTOR - Negotiated Capabilities: {"browserName":"phantomjs","version":"1.9.1","driverName":"ghostdriver","driverVersion":"1.0.3","platform":"mac-10.8 (Mountain Lion)-32bit","javascriptEnabled":true,"takesScreenshot":true,"handlesAlerts":false,"databaseEnabled":false,"locationContextEnabled":false,"applicationCacheEnabled":false,"browserConnectionEnabled":false,"cssSelectorsEnabled":true,"webStorageEnabled":false,"rotatable":false,"acceptSslCerts":false,"nativeEvents":true,"proxy":{"proxyType":"direct"}}
[INFO  - 2013-07-10T20:33:28.233Z] SessionManagerReqHand - _postNewSessionCommand - New Session Created: fa42cd50-e99f-11e2-a441-13bb7b28fff5
[INFO  - 2013-07-10T20:33:50.073Z] ShutdownReqHand - _handle - About to shutdown
