[INFO  - 2013-07-08T22:02:33.323Z] GhostDriver - Main - running on port 33020
[INFO  - 2013-07-08T22:02:33.586Z] Session [178370e0-e81a-11e2-ae0c-fdabf3a4e345] - CONSTRUCTOR - Desired Capabilities: {"javascriptEnabled":true,"phantomjs.binary.path":"/Users/Apple/Desktop/SItest/phantomjs-1.9.1-macosx/bin/phantomjs"}
[INFO  - 2013-07-08T22:02:33.586Z] Session [178370e0-e81a-11e2-ae0c-fdabf3a4e345] - CONSTRUCTOR - Negotiated Capabilities: {"browserName":"phantomjs","version":"1.9.1","driverName":"ghostdriver","driverVersion":"1.0.3","platform":"mac-10.8 (Mountain Lion)-32bit","javascriptEnabled":true,"takesScreenshot":true,"handlesAlerts":false,"databaseEnabled":false,"locationContextEnabled":false,"applicationCacheEnabled":false,"browserConnectionEnabled":false,"cssSelectorsEnabled":true,"webStorageEnabled":false,"rotatable":false,"acceptSslCerts":false,"nativeEvents":true,"proxy":{"proxyType":"direct"}}
[INFO  - 2013-07-08T22:02:33.586Z] SessionManagerReqHand - _postNewSessionCommand - New Session Created: 178370e0-e81a-11e2-ae0c-fdabf3a4e345
[INFO  - 2013-07-08T22:03:37.023Z] ShutdownReqHand - _handle - About to shutdown
[INFO  - 2013-07-08T22:04:21.370Z] GhostDriver - Main - running on port 5877
[INFO  - 2013-07-08T22:04:21.544Z] Session [57dcad50-e81a-11e2-8b65-594ee80c9c4e] - CONSTRUCTOR - Desired Capabilities: {"javascriptEnabled":true,"phantomjs.binary.path":"/Users/Apple/Desktop/SItest/phantomjs-1.9.1-macosx/bin/phantomjs"}
[INFO  - 2013-07-08T22:04:21.544Z] Session [57dcad50-e81a-11e2-8b65-594ee80c9c4e] - CONSTRUCTOR - Negotiated Capabilities: {"browserName":"phantomjs","version":"1.9.1","driverName":"ghostdriver","driverVersion":"1.0.3","platform":"mac-10.8 (Mountain Lion)-32bit","javascriptEnabled":true,"takesScreenshot":true,"handlesAlerts":false,"databaseEnabled":false,"locationContextEnabled":false,"applicationCacheEnabled":false,"browserConnectionEnabled":false,"cssSelectorsEnabled":true,"webStorageEnabled":false,"rotatable":false,"acceptSslCerts":false,"nativeEvents":true,"proxy":{"proxyType":"direct"}}
[INFO  - 2013-07-08T22:04:21.545Z] SessionManagerReqHand - _postNewSessionCommand - New Session Created: 57dcad50-e81a-11e2-8b65-594ee80c9c4e
[INFO  - 2013-07-08T22:04:41.728Z] ShutdownReqHand - _handle - About to shutdown
[INFO  - 2013-07-08T23:02:02.848Z] GhostDriver - Main - running on port 39801
[INFO  - 2013-07-08T23:02:03.496Z] Session [67587a40-e822-11e2-924c-61592a3e391d] - CONSTRUCTOR - Desired Capabilities: {"javascriptEnabled":true,"phantomjs.binary.path":"/Users/Apple/Desktop/SItest/phantomjs-1.9.1-macosx/bin/phantomjs"}
[INFO  - 2013-07-08T23:02:03.496Z] Session [67587a40-e822-11e2-924c-61592a3e391d] - CONSTRUCTOR - Negotiated Capabilities: {"browserName":"phantomjs","version":"1.9.1","driverName":"ghostdriver","driverVersion":"1.0.3","platform":"mac-10.8 (Mountain Lion)-32bit","javascriptEnabled":true,"takesScreenshot":true,"handlesAlerts":false,"databaseEnabled":false,"locationContextEnabled":false,"applicationCacheEnabled":false,"browserConnectionEnabled":false,"cssSelectorsEnabled":true,"webStorageEnabled":false,"rotatable":false,"acceptSslCerts":false,"nativeEvents":true,"proxy":{"proxyType":"direct"}}
[INFO  - 2013-07-08T23:02:03.496Z] SessionManagerReqHand - _postNewSessionCommand - New Session Created: 67587a40-e822-11e2-924c-61592a3e391d
[INFO  - 2013-07-08T23:02:32.758Z] ShutdownReqHand - _handle - About to shutdown
[INFO  - 2013-07-08T23:02:58.847Z] GhostDriver - Main - running on port 18230
[INFO  - 2013-07-08T23:02:59.018Z] Session [88707660-e822-11e2-96ae-69ae6339d2e4] - CONSTRUCTOR - Desired Capabilities: {"javascriptEnabled":true,"phantomjs.binary.path":"/Users/Apple/Desktop/SItest/phantomjs-1.9.1-macosx/bin/phantomjs"}
[INFO  - 2013-07-08T23:02:59.018Z] Session [88707660-e822-11e2-96ae-69ae6339d2e4] - CONSTRUCTOR - Negotiated Capabilities: {"browserName":"phantomjs","version":"1.9.1","driverName":"ghostdriver","driverVersion":"1.0.3","platform":"mac-10.8 (Mountain Lion)-32bit","javascriptEnabled":true,"takesScreenshot":true,"handlesAlerts":false,"databaseEnabled":false,"locationContextEnabled":false,"applicationCacheEnabled":false,"browserConnectionEnabled":false,"cssSelectorsEnabled":true,"webStorageEnabled":false,"rotatable":false,"acceptSslCerts":false,"nativeEvents":true,"proxy":{"proxyType":"direct"}}
[INFO  - 2013-07-08T23:02:59.018Z] SessionManagerReqHand - _postNewSessionCommand - New Session Created: 88707660-e822-11e2-96ae-69ae6339d2e4
[INFO  - 2013-07-08T23:03:22.130Z] ShutdownReqHand - _handle - About to shutdown
[INFO  - 2013-07-09T17:15:01.142Z] GhostDriver - Main - running on port 41482
[INFO  - 2013-07-09T17:15:01.808Z] Session [1710c6c0-e8bb-11e2-a117-fb6ab6252537] - CONSTRUCTOR - Desired Capabilities: {"javascriptEnabled":true,"phantomjs.binary.path":"/Users/Apple/Desktop/SItest/phantomjs-1.9.1-macosx/bin/phantomjs"}
[INFO  - 2013-07-09T17:15:01.808Z] Session [1710c6c0-e8bb-11e2-a117-fb6ab6252537] - CONSTRUCTOR - Negotiated Capabilities: {"browserName":"phantomjs","version":"1.9.1","driverName":"ghostdriver","driverVersion":"1.0.3","platform":"mac-10.8 (Mountain Lion)-32bit","javascriptEnabled":true,"takesScreenshot":true,"handlesAlerts":false,"databaseEnabled":false,"locationContextEnabled":false,"applicationCacheEnabled":false,"browserConnectionEnabled":false,"cssSelectorsEnabled":true,"webStorageEnabled":false,"rotatable":false,"acceptSslCerts":false,"nativeEvents":true,"proxy":{"proxyType":"direct"}}
[INFO  - 2013-07-09T17:15:01.808Z] SessionManagerReqHand - _postNewSessionCommand - New Session Created: 1710c6c0-e8bb-11e2-a117-fb6ab6252537
[INFO  - 2013-07-09T17:15:26.335Z] ShutdownReqHand - _handle - About to shutdown
[INFO  - 2013-07-09T17:31:32.399Z] GhostDriver - Main - running on port 36449
[INFO  - 2013-07-09T17:31:32.583Z] Session [659d3240-e8bd-11e2-98ac-0ffaba0093d0] - CONSTRUCTOR - Desired Capabilities: {"javascriptEnabled":true,"phantomjs.binary.path":"/Users/Apple/Desktop/SItest/phantomjs-1.9.1-macosx/bin/phantomjs"}
[INFO  - 2013-07-09T17:31:32.583Z] Session [659d3240-e8bd-11e2-98ac-0ffaba0093d0] - CONSTRUCTOR - Negotiated Capabilities: {"browserName":"phantomjs","version":"1.9.1","driverName":"ghostdriver","driverVersion":"1.0.3","platform":"mac-10.8 (Mountain Lion)-32bit","javascriptEnabled":true,"takesScreenshot":true,"handlesAlerts":false,"databaseEnabled":false,"locationContextEnabled":false,"applicationCacheEnabled":false,"browserConnectionEnabled":false,"cssSelectorsEnabled":true,"webStorageEnabled":false,"rotatable":false,"acceptSslCerts":false,"nativeEvents":true,"proxy":{"proxyType":"direct"}}
[INFO  - 2013-07-09T17:31:32.584Z] SessionManagerReqHand - _postNewSessionCommand - New Session Created: 659d3240-e8bd-11e2-98ac-0ffaba0093d0
[INFO  - 2013-07-09T17:31:57.284Z] ShutdownReqHand - _handle - About to shutdown
[INFO  - 2013-07-09T17:46:22.074Z] GhostDriver - Main - running on port 38497
[INFO  - 2013-07-09T17:46:22.213Z] Session [77dff620-e8bf-11e2-8bbe-e34c012664fe] - CONSTRUCTOR - Desired Capabilities: {"javascriptEnabled":true,"phantomjs.binary.path":"/Users/Apple/Desktop/SItest/phantomjs-1.9.1-macosx/bin/phantomjs"}
[INFO  - 2013-07-09T17:46:22.213Z] Session [77dff620-e8bf-11e2-8bbe-e34c012664fe] - CONSTRUCTOR - Negotiated Capabilities: {"browserName":"phantomjs","version":"1.9.1","driverName":"ghostdriver","driverVersion":"1.0.3","platform":"mac-10.8 (Mountain Lion)-32bit","javascriptEnabled":true,"takesScreenshot":true,"handlesAlerts":false,"databaseEnabled":false,"locationContextEnabled":false,"applicationCacheEnabled":false,"browserConnectionEnabled":false,"cssSelectorsEnabled":true,"webStorageEnabled":false,"rotatable":false,"acceptSslCerts":false,"nativeEvents":true,"proxy":{"proxyType":"direct"}}
[INFO  - 2013-07-09T17:46:22.213Z] SessionManagerReqHand - _postNewSessionCommand - New Session Created: 77dff620-e8bf-11e2-8bbe-e34c012664fe
[INFO  - 2013-07-09T17:46:43.516Z] ShutdownReqHand - _handle - About to shutdown
[INFO  - 2013-07-10T17:20:17.687Z] GhostDriver - Main - running on port 20612
[INFO  - 2013-07-10T17:20:17.971Z] Session [fded2bf0-e984-11e2-bd2f-c57637d0453a] - CONSTRUCTOR - Desired Capabilities: {"javascriptEnabled":true,"phantomjs.binary.path":"/Users/Apple/Desktop/SItest/phantomjs-1.9.1-macosx/bin/phantomjs"}
[INFO  - 2013-07-10T17:20:17.971Z] Session [fded2bf0-e984-11e2-bd2f-c57637d0453a] - CONSTRUCTOR - Negotiated Capabilities: {"browserName":"phantomjs","version":"1.9.1","driverName":"ghostdriver","driverVersion":"1.0.3","platform":"mac-10.8 (Mountain Lion)-32bit","javascriptEnabled":true,"takesScreenshot":true,"handlesAlerts":false,"databaseEnabled":false,"locationContextEnabled":false,"applicationCacheEnabled":false,"browserConnectionEnabled":false,"cssSelectorsEnabled":true,"webStorageEnabled":false,"rotatable":false,"acceptSslCerts":false,"nativeEvents":true,"proxy":{"proxyType":"direct"}}
[INFO  - 2013-07-10T17:20:17.971Z] SessionManagerReqHand - _postNewSessionCommand - New Session Created: fded2bf0-e984-11e2-bd2f-c57637d0453a
[INFO  - 2013-07-10T17:20:39.526Z] ShutdownReqHand - _handle - About to shutdown
